# JRE version: Java(TM) SE Runtime Environment (8.0_31-b13) (build 1.8.0_31-b13)
# Java VM: Java HotSpot(TM) 64-Bit Server VM (25.31-b07 mixed mode linux-amd64 compressed oops)
Heap:
 PSYoungGen      total 450048K, used 131336K [0x00000000d6d00000, 0x0000000100000000, 0x0000000100000000)
  eden space 225280K, 0% used [0x00000000d6d00000,0x00000000d6d00000,0x00000000e4900000)
  from space 224768K, 58% used [0x00000000f2480000,0x00000000fa4c2010,0x0000000100000000)
  to   space 224768K, 0% used [0x00000000e4900000,0x00000000e4900000,0x00000000f2480000)
 ParOldGen       total 927232K, used 927069K [0x0000000084600000, 0x00000000bcf80000, 0x00000000d6d00000)
  object space 927232K, 99% used [0x0000000084600000,0x00000000bcf574d8,0x00000000bcf80000)
 Metaspace       used 10692K, capacity 11948K, committed 12088K, reserved 1060864K
  class space    used 427K, capacity 456K, committed 512K, reserved 1048576K
GC Heap History (10 events):
Event: 13.996 GC heap after
Heap after GC invocations=11 (full 4):
 PSYoungGen      total 275456K, used 97029K [0x00000000d6d00000, 0x00000000f8800000, 0x0000000100000000)
  eden space 153088K, 0% used [0x00000000d6d00000,0x00000000d6d00000,0x00000000e0280000)
  from space 122368K, 79% used [0x00000000e0280000,0x00000000e61417b0,0x00000000e7a00000)
  to   space 149504K, 0% used [0x00000000ef600000,0x00000000ef600000,0x00000000f8800000)
 ParOldGen       total 679936K, used 451671K [0x0000000084600000, 0x00000000ade00000, 0x00000000d6d00000)
  object space 679936K, 66% used [0x0000000084600000,0x000000009ff15cf0,0x00000000ade00000)
 Metaspace       used 10692K, capacity 11948K, committed 12088K, reserved 1060864K
  class space    used 427K, capacity 456K, committed 512K, reserved 1048576K
}
Event: 14.978 GC heap before
{Heap before GC invocations=12 (full 4):
 PSYoungGen      total 275456K, used 250117K [0x00000000d6d00000, 0x00000000f8800000, 0x0000000100000000)
  eden space 153088K, 100% used [0x00000000d6d00000,0x00000000e0280000,0x00000000e0280000)
  from space 122368K, 79% used [0x00000000e0280000,0x00000000e61417b0,0x00000000e7a00000)
  to   space 149504K, 0% used [0x00000000ef600000,0x00000000ef600000,0x00000000f8800000)
 ParOldGen       total 679936K, used 451671K [0x0000000084600000, 0x00000000ade00000, 0x00000000d6d00000)
  object space 679936K, 66% used [0x0000000084600000,0x000000009ff15cf0,0x00000000ade00000)
 Metaspace       used 10692K, capacity 11948K, committed 12088K, reserved 1060864K
  class space    used 427K, capacity 456K, committed 512K, reserved 1048576K
Event: 15.173 GC heap after
Heap after GC invocations=12 (full 4):
 PSYoungGen      total 328192K, used 149502K [0x00000000d6d00000, 0x0000000100000000, 0x0000000100000000)
  eden space 178688K, 0% used [0x00000000d6d00000,0x00000000d6d00000,0x00000000e1b80000)
  from space 149504K, 99% used [0x00000000ef600000,0x00000000f87ff920,0x00000000f8800000)
  to   space 223744K, 0% used [0x00000000e1b80000,0x00000000e1b80000,0x00000000ef600000)
 ParOldGen       total 679936K, used 555018K [0x0000000084600000, 0x00000000ade00000, 0x00000000d6d00000)
  object space 679936K, 81% used [0x0000000084600000,0x00000000a6402b30,0x00000000ade00000)
 Metaspace       used 10692K, capacity 11948K, committed 12088K, reserved 1060864K
  class space    used 427K, capacity 456K, committed 512K, reserved 1048576K
}
Event: 15.173 GC heap before
{Heap before GC invocations=13 (full 5):
 PSYoungGen      total 328192K, used 149502K [0x00000000d6d00000, 0x0000000100000000, 0x0000000100000000)
  eden space 178688K, 0% used [0x00000000d6d00000,0x00000000d6d00000,0x00000000e1b80000)
  from space 149504K, 99% used [0x00000000ef600000,0x00000000f87ff920,0x00000000f8800000)
  to   space 223744K, 0% used [0x00000000e1b80000,0x00000000e1b80000,0x00000000ef600000)
 ParOldGen       total 679936K, used 555018K [0x0000000084600000, 0x00000000ade00000, 0x00000000d6d00000)
  object space 679936K, 81% used [0x0000000084600000,0x00000000a6402b30,0x00000000ade00000)
 Metaspace       used 10692K, capacity 11948K, committed 12088K, reserved 1060864K
  class space    used 427K, capacity 456K, committed 512K, reserved 1048576K
Event: 15.408 GC heap after
Heap after GC invocations=13 (full 5):
 PSYoungGen      total 328192K, used 21898K [0x00000000d6d00000, 0x0000000100000000, 0x0000000100000000)
  eden space 178688K, 0% used [0x00000000d6d00000,0x00000000d6d00000,0x00000000e1b80000)
  from space 149504K, 14% used [0x00000000ef600000,0x00000000f0b62a60,0x00000000f8800000)
  to   space 223744K, 0% used [0x00000000e1b80000,0x00000000e1b80000,0x00000000ef600000)
 ParOldGen       total 927232K, used 679646K [0x0000000084600000, 0x00000000bcf80000, 0x00000000d6d00000)
  object space 927232K, 73% used [0x0000000084600000,0x00000000addb7930,0x00000000bcf80000)
 Metaspace       used 10692K, capacity 11948K, committed 12088K, reserved 1060864K
  class space    used 427K, capacity 456K, committed 512K, reserved 1048576K
}
Event: 17.812 GC heap before
{Heap before GC invocations=14 (full 5):
 PSYoungGen      total 328192K, used 200479K [0x00000000d6d00000, 0x0000000100000000, 0x0000000100000000)
  eden space 178688K, 99% used [0x00000000d6d00000,0x00000000e1b651a0,0x00000000e1b80000)
  from space 149504K, 14% used [0x00000000ef600000,0x00000000f0b62a60,0x00000000f8800000)
  to   space 223744K, 0% used [0x00000000e1b80000,0x00000000e1b80000,0x00000000ef600000)
 ParOldGen       total 927232K, used 679646K [0x0000000084600000, 0x00000000bcf80000, 0x00000000d6d00000)
  object space 927232K, 73% used [0x0000000084600000,0x00000000addb7930,0x00000000bcf80000)
 Metaspace       used 10692K, capacity 11948K, committed 12088K, reserved 1060864K
  class space    used 427K, capacity 456K, committed 512K, reserved 1048576K
Event: 17.882 GC heap after
Heap after GC invocations=14 (full 5):
 PSYoungGen      total 402432K, used 200620K [0x00000000d6d00000, 0x0000000100000000, 0x0000000100000000)
  eden space 178688K, 0% used [0x00000000d6d00000,0x00000000d6d00000,0x00000000e1b80000)
  from space 223744K, 89% used [0x00000000e1b80000,0x00000000edf6b1b8,0x00000000ef600000)
  to   space 224768K, 0% used [0x00000000f2480000,0x00000000f2480000,0x0000000100000000)
 ParOldGen       total 927232K, used 679646K [0x0000000084600000, 0x00000000bcf80000, 0x00000000d6d00000)
  object space 927232K, 73% used [0x0000000084600000,0x00000000addb7930,0x00000000bcf80000)
 Metaspace       used 10692K, capacity 11948K, committed 12088K, reserved 1060864K
  class space    used 427K, capacity 456K, committed 512K, reserved 1048576K
}
Event: 20.931 GC heap before
{Heap before GC invocations=15 (full 5):
 PSYoungGen      total 402432K, used 379264K [0x00000000d6d00000, 0x0000000100000000, 0x0000000100000000)
  eden space 178688K, 99% used [0x00000000d6d00000,0x00000000e1b75178,0x00000000e1b80000)
  from space 223744K, 89% used [0x00000000e1b80000,0x00000000edf6b1b8,0x00000000ef600000)
  to   space 224768K, 0% used [0x00000000f2480000,0x00000000f2480000,0x0000000100000000)
 ParOldGen       total 927232K, used 679646K [0x0000000084600000, 0x00000000bcf80000, 0x00000000d6d00000)
  object space 927232K, 73% used [0x0000000084600000,0x00000000addb7930,0x00000000bcf80000)
 Metaspace       used 10692K, capacity 11948K, committed 12088K, reserved 1060864K
  class space    used 427K, capacity 456K, committed 512K, reserved 1048576K
Event: 21.060 GC heap after
Heap after GC invocations=15 (full 5):
 PSYoungGen      total 450048K, used 224622K [0x00000000d6d00000, 0x0000000100000000, 0x0000000100000000)
  eden space 225280K, 0% used [0x00000000d6d00000,0x00000000d6d00000,0x00000000e4900000)
  from space 224768K, 99% used [0x00000000f2480000,0x00000000fffdba28,0x0000000100000000)
  to   space 224768K, 0% used [0x00000000e4900000,0x00000000e4900000,0x00000000f2480000)
 ParOldGen       total 927232K, used 857528K [0x0000000084600000, 0x00000000bcf80000, 0x00000000d6d00000)
  object space 927232K, 92% used [0x0000000084600000,0x00000000b8b6e1f0,0x00000000bcf80000)
 Metaspace       used 10692K, capacity 11948K, committed 12088K, reserved 1060864K
  class space    used 427K, capacity 456K, committed 512K, reserved 1048576K
}
Event: 21.060 GC heap before
{Heap before GC invocations=16 (full 6):
 PSYoungGen      total 450048K, used 224622K [0x00000000d6d00000, 0x0000000100000000, 0x0000000100000000)
  eden space 225280K, 0% used [0x00000000d6d00000,0x00000000d6d00000,0x00000000e4900000)
  from space 224768K, 99% used [0x00000000f2480000,0x00000000fffdba28,0x0000000100000000)
  to   space 224768K, 0% used [0x00000000e4900000,0x00000000e4900000,0x00000000f2480000)
 ParOldGen       total 927232K, used 857528K [0x0000000084600000, 0x00000000bcf80000, 0x00000000d6d00000)
  object space 927232K, 92% used [0x0000000084600000,0x00000000b8b6e1f0,0x00000000bcf80000)
 Metaspace       used 10692K, capacity 11948K, committed 12088K, reserved 1060864K
  class space    used 427K, capacity 456K, committed 512K, reserved 1048576K

